Rasa process starting
From C:\Users\Public\Documents\KP\venv\lib\site-packages\tensorflow\python\training\saver.py:1266: checkpoint_exists (from tensorflow.python.training.checkpoint_management) is deprecated and will be removed in a future version.
Instructions for updating:
Use standard file APIs to check for files with this prefix.
Restoring parameters from models/nlu/default/weather_nlu\component_4_EmbeddingIntentClassifier.ckpt
Scheduler started
From C:\Users\Public\Documents\KP\venv\lib\site-packages\tensorflow\python\ops\resource_variable_ops.py:435: colocate_with (from tensorflow.python.framework.ops) is deprecated and will be removed in a future version.
Instructions for updating:
Colocations handled automatically by placer.
From C:\Users\Public\Documents\KP\venv\lib\site-packages\tensorflow\python\keras\backend.py:4010: calling dropout (from tensorflow.python.ops.nn_ops) with keep_prob is deprecated and will be removed in a future version.
Instructions for updating:
Please use `rate` instead of `keep_prob`. Rate should be set to `rate = 1 - keep_prob`.
From C:\Users\Public\Documents\KP\venv\lib\site-packages\tensorflow\python\ops\math_ops.py:3066: to_int32 (from tensorflow.python.ops.math_ops) is deprecated and will be removed in a future version.
Instructions for updating:
Use tf.cast instead.
Rasa Core server is up and running on http://localhost:5002
Exception on /webhooks/rest/webhook [POST]
Traceback (most recent call last):
  File "C:\Users\Public\Documents\KP\venv\lib\site-packages\flask\app.py", line 2311, in wsgi_app
    response = self.full_dispatch_request()
  File "C:\Users\Public\Documents\KP\venv\lib\site-packages\flask\app.py", line 1834, in full_dispatch_request
    rv = self.handle_user_exception(e)
  File "C:\Users\Public\Documents\KP\venv\lib\site-packages\flask_cors\extension.py", line 161, in wrapped_function
    return cors_after_request(app.make_response(f(*args, **kwargs)))
  File "C:\Users\Public\Documents\KP\venv\lib\site-packages\flask\app.py", line 1737, in handle_user_exception
    reraise(exc_type, exc_value, tb)
  File "C:\Users\Public\Documents\KP\venv\lib\site-packages\flask\_compat.py", line 36, in reraise
    raise value
  File "C:\Users\Public\Documents\KP\venv\lib\site-packages\flask\app.py", line 1832, in full_dispatch_request
    rv = self.dispatch_request()
  File "C:\Users\Public\Documents\KP\venv\lib\site-packages\flask\app.py", line 1818, in dispatch_request
    return self.view_functions[rule.endpoint](**req.view_args)
  File "C:\Users\Public\Documents\KP\venv\lib\site-packages\rasa_core\channels\channel.py", line 361, in receive
    sender_id = self._extract_sender(request)
  File "C:\Users\Public\Documents\KP\venv\lib\site-packages\rasa_core\channels\channel.py", line 329, in _extract_sender
    return req.json.get("sender", None)
AttributeError: 'NoneType' object has no attribute 'get'
Rasa process starting
From C:\Users\Public\Documents\KP\venv\lib\site-packages\tensorflow\python\training\saver.py:1266: checkpoint_exists (from tensorflow.python.training.checkpoint_management) is deprecated and will be removed in a future version.
Instructions for updating:
Use standard file APIs to check for files with this prefix.
Restoring parameters from models/nlu/default/weather_nlu\component_4_EmbeddingIntentClassifier.ckpt
Scheduler started
From C:\Users\Public\Documents\KP\venv\lib\site-packages\tensorflow\python\ops\resource_variable_ops.py:435: colocate_with (from tensorflow.python.framework.ops) is deprecated and will be removed in a future version.
Instructions for updating:
Colocations handled automatically by placer.
From C:\Users\Public\Documents\KP\venv\lib\site-packages\tensorflow\python\keras\backend.py:4010: calling dropout (from tensorflow.python.ops.nn_ops) with keep_prob is deprecated and will be removed in a future version.
Instructions for updating:
Please use `rate` instead of `keep_prob`. Rate should be set to `rate = 1 - keep_prob`.
From C:\Users\Public\Documents\KP\venv\lib\site-packages\tensorflow\python\ops\math_ops.py:3066: to_int32 (from tensorflow.python.ops.math_ops) is deprecated and will be removed in a future version.
Instructions for updating:
Use tf.cast instead.
Rasa Core server is up and running on http://localhost:5002
Exception on /webhooks/rest/webhook [POST]
Traceback (most recent call last):
  File "C:\Users\Public\Documents\KP\venv\lib\site-packages\flask\app.py", line 2311, in wsgi_app
    response = self.full_dispatch_request()
  File "C:\Users\Public\Documents\KP\venv\lib\site-packages\flask\app.py", line 1834, in full_dispatch_request
    rv = self.handle_user_exception(e)
  File "C:\Users\Public\Documents\KP\venv\lib\site-packages\flask_cors\extension.py", line 161, in wrapped_function
    return cors_after_request(app.make_response(f(*args, **kwargs)))
  File "C:\Users\Public\Documents\KP\venv\lib\site-packages\flask\app.py", line 1737, in handle_user_exception
    reraise(exc_type, exc_value, tb)
  File "C:\Users\Public\Documents\KP\venv\lib\site-packages\flask\_compat.py", line 36, in reraise
    raise value
  File "C:\Users\Public\Documents\KP\venv\lib\site-packages\flask\app.py", line 1832, in full_dispatch_request
    rv = self.dispatch_request()
  File "C:\Users\Public\Documents\KP\venv\lib\site-packages\flask\app.py", line 1818, in dispatch_request
    return self.view_functions[rule.endpoint](**req.view_args)
  File "C:\Users\Public\Documents\KP\venv\lib\site-packages\rasa_core\channels\channel.py", line 361, in receive
    sender_id = self._extract_sender(request)
  File "C:\Users\Public\Documents\KP\venv\lib\site-packages\rasa_core\channels\channel.py", line 329, in _extract_sender
    return req.json.get("sender", None)
AttributeError: 'NoneType' object has no attribute 'get'
Exception on /webhooks/rest/webhook [POST]
Traceback (most recent call last):
  File "C:\Users\Public\Documents\KP\venv\lib\site-packages\flask\app.py", line 2311, in wsgi_app
    response = self.full_dispatch_request()
  File "C:\Users\Public\Documents\KP\venv\lib\site-packages\flask\app.py", line 1834, in full_dispatch_request
    rv = self.handle_user_exception(e)
  File "C:\Users\Public\Documents\KP\venv\lib\site-packages\flask_cors\extension.py", line 161, in wrapped_function
    return cors_after_request(app.make_response(f(*args, **kwargs)))
  File "C:\Users\Public\Documents\KP\venv\lib\site-packages\flask\app.py", line 1737, in handle_user_exception
    reraise(exc_type, exc_value, tb)
  File "C:\Users\Public\Documents\KP\venv\lib\site-packages\flask\_compat.py", line 36, in reraise
    raise value
  File "C:\Users\Public\Documents\KP\venv\lib\site-packages\flask\app.py", line 1832, in full_dispatch_request
    rv = self.dispatch_request()
  File "C:\Users\Public\Documents\KP\venv\lib\site-packages\flask\app.py", line 1818, in dispatch_request
    return self.view_functions[rule.endpoint](**req.view_args)
  File "C:\Users\Public\Documents\KP\venv\lib\site-packages\rasa_core\channels\channel.py", line 361, in receive
    sender_id = self._extract_sender(request)
  File "C:\Users\Public\Documents\KP\venv\lib\site-packages\rasa_core\channels\channel.py", line 329, in _extract_sender
    return req.json.get("sender", None)
AttributeError: 'NoneType' object has no attribute 'get'
Exception on /webhooks/rest/webhook [POST]
Traceback (most recent call last):
  File "C:\Users\Public\Documents\KP\venv\lib\site-packages\flask\app.py", line 2311, in wsgi_app
    response = self.full_dispatch_request()
  File "C:\Users\Public\Documents\KP\venv\lib\site-packages\flask\app.py", line 1834, in full_dispatch_request
    rv = self.handle_user_exception(e)
  File "C:\Users\Public\Documents\KP\venv\lib\site-packages\flask_cors\extension.py", line 161, in wrapped_function
    return cors_after_request(app.make_response(f(*args, **kwargs)))
  File "C:\Users\Public\Documents\KP\venv\lib\site-packages\flask\app.py", line 1737, in handle_user_exception
    reraise(exc_type, exc_value, tb)
  File "C:\Users\Public\Documents\KP\venv\lib\site-packages\flask\_compat.py", line 36, in reraise
    raise value
  File "C:\Users\Public\Documents\KP\venv\lib\site-packages\flask\app.py", line 1832, in full_dispatch_request
    rv = self.dispatch_request()
  File "C:\Users\Public\Documents\KP\venv\lib\site-packages\flask\app.py", line 1818, in dispatch_request
    return self.view_functions[rule.endpoint](**req.view_args)
  File "C:\Users\Public\Documents\KP\venv\lib\site-packages\rasa_core\channels\channel.py", line 361, in receive
    sender_id = self._extract_sender(request)
  File "C:\Users\Public\Documents\KP\venv\lib\site-packages\rasa_core\channels\channel.py", line 329, in _extract_sender
    return req.json.get("sender", None)
AttributeError: 'NoneType' object has no attribute 'get'
Rasa process starting
From C:\Users\Public\Documents\KP\venv\lib\site-packages\tensorflow\python\training\saver.py:1266: checkpoint_exists (from tensorflow.python.training.checkpoint_management) is deprecated and will be removed in a future version.
Instructions for updating:
Use standard file APIs to check for files with this prefix.
Restoring parameters from models/nlu/default/weather_nlu\component_4_EmbeddingIntentClassifier.ckpt
Scheduler started
From C:\Users\Public\Documents\KP\venv\lib\site-packages\tensorflow\python\ops\resource_variable_ops.py:435: colocate_with (from tensorflow.python.framework.ops) is deprecated and will be removed in a future version.
Instructions for updating:
Colocations handled automatically by placer.
From C:\Users\Public\Documents\KP\venv\lib\site-packages\tensorflow\python\keras\backend.py:4010: calling dropout (from tensorflow.python.ops.nn_ops) with keep_prob is deprecated and will be removed in a future version.
Instructions for updating:
Please use `rate` instead of `keep_prob`. Rate should be set to `rate = 1 - keep_prob`.
From C:\Users\Public\Documents\KP\venv\lib\site-packages\tensorflow\python\ops\math_ops.py:3066: to_int32 (from tensorflow.python.ops.math_ops) is deprecated and will be removed in a future version.
Instructions for updating:
Use tf.cast instead.
Rasa Core server is up and running on http://localhost:5002
Exception on /webhooks/rest/webhook [POST]
Traceback (most recent call last):
  File "C:\Users\Public\Documents\KP\venv\lib\site-packages\flask\app.py", line 2311, in wsgi_app
    response = self.full_dispatch_request()
  File "C:\Users\Public\Documents\KP\venv\lib\site-packages\flask\app.py", line 1834, in full_dispatch_request
    rv = self.handle_user_exception(e)
  File "C:\Users\Public\Documents\KP\venv\lib\site-packages\flask_cors\extension.py", line 161, in wrapped_function
    return cors_after_request(app.make_response(f(*args, **kwargs)))
  File "C:\Users\Public\Documents\KP\venv\lib\site-packages\flask\app.py", line 1737, in handle_user_exception
    reraise(exc_type, exc_value, tb)
  File "C:\Users\Public\Documents\KP\venv\lib\site-packages\flask\_compat.py", line 36, in reraise
    raise value
  File "C:\Users\Public\Documents\KP\venv\lib\site-packages\flask\app.py", line 1832, in full_dispatch_request
    rv = self.dispatch_request()
  File "C:\Users\Public\Documents\KP\venv\lib\site-packages\flask\app.py", line 1818, in dispatch_request
    return self.view_functions[rule.endpoint](**req.view_args)
  File "C:\Users\Public\Documents\KP\venv\lib\site-packages\rasa_core\channels\channel.py", line 361, in receive
    sender_id = self._extract_sender(request)
  File "C:\Users\Public\Documents\KP\venv\lib\site-packages\rasa_core\channels\channel.py", line 329, in _extract_sender
    return req.json.get("sender", None)
AttributeError: 'NoneType' object has no attribute 'get'
Exception on /webhooks/rest/webhook [POST]
Traceback (most recent call last):
  File "C:\Users\Public\Documents\KP\venv\lib\site-packages\flask\app.py", line 2311, in wsgi_app
    response = self.full_dispatch_request()
  File "C:\Users\Public\Documents\KP\venv\lib\site-packages\flask\app.py", line 1834, in full_dispatch_request
    rv = self.handle_user_exception(e)
  File "C:\Users\Public\Documents\KP\venv\lib\site-packages\flask_cors\extension.py", line 161, in wrapped_function
    return cors_after_request(app.make_response(f(*args, **kwargs)))
  File "C:\Users\Public\Documents\KP\venv\lib\site-packages\flask\app.py", line 1737, in handle_user_exception
    reraise(exc_type, exc_value, tb)
  File "C:\Users\Public\Documents\KP\venv\lib\site-packages\flask\_compat.py", line 36, in reraise
    raise value
  File "C:\Users\Public\Documents\KP\venv\lib\site-packages\flask\app.py", line 1832, in full_dispatch_request
    rv = self.dispatch_request()
  File "C:\Users\Public\Documents\KP\venv\lib\site-packages\flask\app.py", line 1818, in dispatch_request
    return self.view_functions[rule.endpoint](**req.view_args)
  File "C:\Users\Public\Documents\KP\venv\lib\site-packages\rasa_core\channels\channel.py", line 361, in receive
    sender_id = self._extract_sender(request)
  File "C:\Users\Public\Documents\KP\venv\lib\site-packages\rasa_core\channels\channel.py", line 329, in _extract_sender
    return req.json.get("sender", None)
AttributeError: 'NoneType' object has no attribute 'get'
Rasa process starting
From C:\Users\Public\Documents\KP\venv\lib\site-packages\tensorflow\python\training\saver.py:1266: checkpoint_exists (from tensorflow.python.training.checkpoint_management) is deprecated and will be removed in a future version.
Instructions for updating:
Use standard file APIs to check for files with this prefix.
Restoring parameters from models/nlu/default/weather_nlu\component_4_EmbeddingIntentClassifier.ckpt
Scheduler started
From C:\Users\Public\Documents\KP\venv\lib\site-packages\tensorflow\python\ops\resource_variable_ops.py:435: colocate_with (from tensorflow.python.framework.ops) is deprecated and will be removed in a future version.
Instructions for updating:
Colocations handled automatically by placer.
From C:\Users\Public\Documents\KP\venv\lib\site-packages\tensorflow\python\keras\backend.py:4010: calling dropout (from tensorflow.python.ops.nn_ops) with keep_prob is deprecated and will be removed in a future version.
Instructions for updating:
Please use `rate` instead of `keep_prob`. Rate should be set to `rate = 1 - keep_prob`.
From C:\Users\Public\Documents\KP\venv\lib\site-packages\tensorflow\python\ops\math_ops.py:3066: to_int32 (from tensorflow.python.ops.math_ops) is deprecated and will be removed in a future version.
Instructions for updating:
Use tf.cast instead.
Rasa Core server is up and running on http://localhost:5002
Exception on /webhooks/rest/webhook [POST]
Traceback (most recent call last):
  File "C:\Users\Public\Documents\KP\venv\lib\site-packages\flask\app.py", line 2311, in wsgi_app
    response = self.full_dispatch_request()
  File "C:\Users\Public\Documents\KP\venv\lib\site-packages\flask\app.py", line 1834, in full_dispatch_request
    rv = self.handle_user_exception(e)
  File "C:\Users\Public\Documents\KP\venv\lib\site-packages\flask_cors\extension.py", line 161, in wrapped_function
    return cors_after_request(app.make_response(f(*args, **kwargs)))
  File "C:\Users\Public\Documents\KP\venv\lib\site-packages\flask\app.py", line 1737, in handle_user_exception
    reraise(exc_type, exc_value, tb)
  File "C:\Users\Public\Documents\KP\venv\lib\site-packages\flask\_compat.py", line 36, in reraise
    raise value
  File "C:\Users\Public\Documents\KP\venv\lib\site-packages\flask\app.py", line 1832, in full_dispatch_request
    rv = self.dispatch_request()
  File "C:\Users\Public\Documents\KP\venv\lib\site-packages\flask\app.py", line 1818, in dispatch_request
    return self.view_functions[rule.endpoint](**req.view_args)
  File "C:\Users\Public\Documents\KP\venv\lib\site-packages\rasa_core\channels\channel.py", line 361, in receive
    sender_id = self._extract_sender(request)
  File "C:\Users\Public\Documents\KP\venv\lib\site-packages\rasa_core\channels\channel.py", line 329, in _extract_sender
    return req.json.get("sender", None)
AttributeError: 'NoneType' object has no attribute 'get'
Rasa process starting
From C:\Users\Public\Documents\KP\venv\lib\site-packages\tensorflow\python\training\saver.py:1266: checkpoint_exists (from tensorflow.python.training.checkpoint_management) is deprecated and will be removed in a future version.
Instructions for updating:
Use standard file APIs to check for files with this prefix.
Restoring parameters from models/nlu/default/weather_nlu\component_4_EmbeddingIntentClassifier.ckpt
Scheduler started
From C:\Users\Public\Documents\KP\venv\lib\site-packages\tensorflow\python\ops\resource_variable_ops.py:435: colocate_with (from tensorflow.python.framework.ops) is deprecated and will be removed in a future version.
Instructions for updating:
Colocations handled automatically by placer.
From C:\Users\Public\Documents\KP\venv\lib\site-packages\tensorflow\python\keras\backend.py:4010: calling dropout (from tensorflow.python.ops.nn_ops) with keep_prob is deprecated and will be removed in a future version.
Instructions for updating:
Please use `rate` instead of `keep_prob`. Rate should be set to `rate = 1 - keep_prob`.
From C:\Users\Public\Documents\KP\venv\lib\site-packages\tensorflow\python\ops\math_ops.py:3066: to_int32 (from tensorflow.python.ops.math_ops) is deprecated and will be removed in a future version.
Instructions for updating:
Use tf.cast instead.
Rasa Core server is up and running on http://localhost:5002
Exception on /webhooks/rest/webhook [POST]
Traceback (most recent call last):
  File "C:\Users\Public\Documents\KP\venv\lib\site-packages\flask\app.py", line 2311, in wsgi_app
    response = self.full_dispatch_request()
  File "C:\Users\Public\Documents\KP\venv\lib\site-packages\flask\app.py", line 1834, in full_dispatch_request
    rv = self.handle_user_exception(e)
  File "C:\Users\Public\Documents\KP\venv\lib\site-packages\flask_cors\extension.py", line 161, in wrapped_function
    return cors_after_request(app.make_response(f(*args, **kwargs)))
  File "C:\Users\Public\Documents\KP\venv\lib\site-packages\flask\app.py", line 1737, in handle_user_exception
    reraise(exc_type, exc_value, tb)
  File "C:\Users\Public\Documents\KP\venv\lib\site-packages\flask\_compat.py", line 36, in reraise
    raise value
  File "C:\Users\Public\Documents\KP\venv\lib\site-packages\flask\app.py", line 1832, in full_dispatch_request
    rv = self.dispatch_request()
  File "C:\Users\Public\Documents\KP\venv\lib\site-packages\flask\app.py", line 1818, in dispatch_request
    return self.view_functions[rule.endpoint](**req.view_args)
  File "C:\Users\Public\Documents\KP\venv\lib\site-packages\rasa_core\channels\channel.py", line 361, in receive
    sender_id = self._extract_sender(request)
  File "C:\Users\Public\Documents\KP\venv\lib\site-packages\rasa_core\channels\channel.py", line 329, in _extract_sender
    return req.json.get("sender", None)
AttributeError: 'NoneType' object has no attribute 'get'
Rasa process starting
From C:\Users\Public\Documents\KP\venv\lib\site-packages\tensorflow\python\training\saver.py:1266: checkpoint_exists (from tensorflow.python.training.checkpoint_management) is deprecated and will be removed in a future version.
Instructions for updating:
Use standard file APIs to check for files with this prefix.
Restoring parameters from models/nlu/default/hotel_nlu\component_4_EmbeddingIntentClassifier.ckpt
Scheduler started
From C:\Users\Public\Documents\KP\venv\lib\site-packages\tensorflow\python\ops\resource_variable_ops.py:435: colocate_with (from tensorflow.python.framework.ops) is deprecated and will be removed in a future version.
Instructions for updating:
Colocations handled automatically by placer.
From C:\Users\Public\Documents\KP\venv\lib\site-packages\tensorflow\python\keras\backend.py:4010: calling dropout (from tensorflow.python.ops.nn_ops) with keep_prob is deprecated and will be removed in a future version.
Instructions for updating:
Please use `rate` instead of `keep_prob`. Rate should be set to `rate = 1 - keep_prob`.
From C:\Users\Public\Documents\KP\venv\lib\site-packages\tensorflow\python\ops\math_ops.py:3066: to_int32 (from tensorflow.python.ops.math_ops) is deprecated and will be removed in a future version.
Instructions for updating:
Use tf.cast instead.
Rasa Core server is up and running on http://localhost:5002
Rasa process starting
From C:\Users\Public\Documents\KP\venv\lib\site-packages\tensorflow\python\training\saver.py:1266: checkpoint_exists (from tensorflow.python.training.checkpoint_management) is deprecated and will be removed in a future version.
Instructions for updating:
Use standard file APIs to check for files with this prefix.
Restoring parameters from models/nlu/default/hotel_nlu\component_4_EmbeddingIntentClassifier.ckpt
Scheduler started
From C:\Users\Public\Documents\KP\venv\lib\site-packages\tensorflow\python\ops\resource_variable_ops.py:435: colocate_with (from tensorflow.python.framework.ops) is deprecated and will be removed in a future version.
Instructions for updating:
Colocations handled automatically by placer.
From C:\Users\Public\Documents\KP\venv\lib\site-packages\tensorflow\python\keras\backend.py:4010: calling dropout (from tensorflow.python.ops.nn_ops) with keep_prob is deprecated and will be removed in a future version.
Instructions for updating:
Please use `rate` instead of `keep_prob`. Rate should be set to `rate = 1 - keep_prob`.
From C:\Users\Public\Documents\KP\venv\lib\site-packages\tensorflow\python\ops\math_ops.py:3066: to_int32 (from tensorflow.python.ops.math_ops) is deprecated and will be removed in a future version.
Instructions for updating:
Use tf.cast instead.
Rasa Core server is up and running on http://localhost:5002
Rasa process starting
From C:\Users\Public\Documents\KP\venv\lib\site-packages\tensorflow\python\training\saver.py:1266: checkpoint_exists (from tensorflow.python.training.checkpoint_management) is deprecated and will be removed in a future version.
Instructions for updating:
Use standard file APIs to check for files with this prefix.
Restoring parameters from models/nlu/default/hotel_nlu\component_4_EmbeddingIntentClassifier.ckpt
Scheduler started
From C:\Users\Public\Documents\KP\venv\lib\site-packages\tensorflow\python\ops\resource_variable_ops.py:435: colocate_with (from tensorflow.python.framework.ops) is deprecated and will be removed in a future version.
Instructions for updating:
Colocations handled automatically by placer.
From C:\Users\Public\Documents\KP\venv\lib\site-packages\tensorflow\python\keras\backend.py:4010: calling dropout (from tensorflow.python.ops.nn_ops) with keep_prob is deprecated and will be removed in a future version.
Instructions for updating:
Please use `rate` instead of `keep_prob`. Rate should be set to `rate = 1 - keep_prob`.
From C:\Users\Public\Documents\KP\venv\lib\site-packages\tensorflow\python\ops\math_ops.py:3066: to_int32 (from tensorflow.python.ops.math_ops) is deprecated and will be removed in a future version.
Instructions for updating:
Use tf.cast instead.
Rasa Core server is up and running on http://localhost:5002
Rasa process starting
From C:\Users\Public\Documents\KP\venv\lib\site-packages\tensorflow\python\training\saver.py:1266: checkpoint_exists (from tensorflow.python.training.checkpoint_management) is deprecated and will be removed in a future version.
Instructions for updating:
Use standard file APIs to check for files with this prefix.
Restoring parameters from models/nlu/default/hotel_nlu\component_4_EmbeddingIntentClassifier.ckpt
Scheduler started
From C:\Users\Public\Documents\KP\venv\lib\site-packages\tensorflow\python\ops\resource_variable_ops.py:435: colocate_with (from tensorflow.python.framework.ops) is deprecated and will be removed in a future version.
Instructions for updating:
Colocations handled automatically by placer.
From C:\Users\Public\Documents\KP\venv\lib\site-packages\tensorflow\python\keras\backend.py:4010: calling dropout (from tensorflow.python.ops.nn_ops) with keep_prob is deprecated and will be removed in a future version.
Instructions for updating:
Please use `rate` instead of `keep_prob`. Rate should be set to `rate = 1 - keep_prob`.
From C:\Users\Public\Documents\KP\venv\lib\site-packages\tensorflow\python\ops\math_ops.py:3066: to_int32 (from tensorflow.python.ops.math_ops) is deprecated and will be removed in a future version.
Instructions for updating:
Use tf.cast instead.
Rasa Core server is up and running on http://localhost:5002
Rasa process starting
From C:\Users\Public\Documents\KP\venv\lib\site-packages\tensorflow\python\training\saver.py:1266: checkpoint_exists (from tensorflow.python.training.checkpoint_management) is deprecated and will be removed in a future version.
Instructions for updating:
Use standard file APIs to check for files with this prefix.
Restoring parameters from models/nlu/default/hotel_nlu\component_4_EmbeddingIntentClassifier.ckpt
Scheduler started
From C:\Users\Public\Documents\KP\venv\lib\site-packages\tensorflow\python\ops\resource_variable_ops.py:435: colocate_with (from tensorflow.python.framework.ops) is deprecated and will be removed in a future version.
Instructions for updating:
Colocations handled automatically by placer.
From C:\Users\Public\Documents\KP\venv\lib\site-packages\tensorflow\python\keras\backend.py:4010: calling dropout (from tensorflow.python.ops.nn_ops) with keep_prob is deprecated and will be removed in a future version.
Instructions for updating:
Please use `rate` instead of `keep_prob`. Rate should be set to `rate = 1 - keep_prob`.
From C:\Users\Public\Documents\KP\venv\lib\site-packages\tensorflow\python\ops\math_ops.py:3066: to_int32 (from tensorflow.python.ops.math_ops) is deprecated and will be removed in a future version.
Instructions for updating:
Use tf.cast instead.
Rasa Core server is up and running on http://localhost:5002
